<?xml version="1.0" encoding="UTF-8"?>
<!-- Generated by org.testng.reporters.JUnitXMLReporter -->
<testsuite ignored="6" hostname="GNLNB-PG018YN0" failures="0" tests="4" name="AutomationExecution_Firefox" time="96.389" errors="0" timestamp="2021-02-14T23:43:59 IST">
  <testcase classname="Testing.TestAuto" name="ExecuteTestssecond" time="24.206"/>
  <testcase classname="Testing.TestAuto" name="ExecuteTestssixth" time="22.086"/>
  <testcase classname="Testing.TestAuto" name="ExecuteTestsseventh" time="23.943"/>
  <testcase classname="Testing.TestAuto" name="ExecuteTestseigth" time="26.107"/>
  <testcase classname="Testing.TestAuto" name="ExecuteTest" time="0.0">
    <ignored/>
  </testcase> <!-- ExecuteTest -->
  <testcase classname="Testing.TestAuto" name="ExecuteTestsfifth" time="0.0">
    <ignored/>
  </testcase> <!-- ExecuteTestsfifth -->
  <testcase classname="Testing.TestAuto" name="ExecuteTestsnineth" time="0.0">
    <ignored/>
  </testcase> <!-- ExecuteTestsnineth -->
  <testcase classname="Testing.TestAuto" name="ExecuteTestsfourth" time="0.0">
    <ignored/>
  </testcase> <!-- ExecuteTestsfourth -->
  <testcase classname="Testing.TestAuto" name="ExecuteTeststhird" time="0.0">
    <ignored/>
  </testcase> <!-- ExecuteTeststhird -->
  <testcase classname="Testing.TestAuto" name="ExecuteTeststenth" time="0.0">
    <ignored/>
  </testcase> <!-- ExecuteTeststenth -->
</testsuite> <!-- AutomationExecution_Firefox -->
