<?xml version="1.0" encoding="UTF-8"?>
<!-- Generated by org.testng.reporters.JUnitXMLReporter -->
<testsuite ignored="1" hostname="GNLNB-PG018YN0" failures="0" tests="1" name="AutomationExecution_Chrome" time="19.32" errors="0" timestamp="2021-02-15T00:57:10 IST">
  <testcase classname="Testing.TestAuto" name="ExecuteTestssecond" time="19.274"/>
  <testcase classname="Testing.TestAuto" name="ExecuteTest" time="0.0">
    <ignored/>
  </testcase> <!-- ExecuteTest -->
</testsuite> <!-- AutomationExecution_Chrome -->
