<?xml version="1.0" encoding="UTF-8"?>
<!-- Generated by org.testng.reporters.JUnitXMLReporter -->
<testsuite ignored="1" hostname="GNLNB-PG018YN0" failures="1" tests="1" name="AutomationExecution_Edge" time="0.06" errors="0" timestamp="2021-02-16T14:18:31 IST">
  <testcase classname="Testing.TestAuto" name="ExecuteTest" time="0.008">
    <failure type="java.lang.NullPointerException">
      <![CDATA[java.lang.NullPointerException
at Testing.TestAuto.gettingbrowser(TestAuto.java:88)
at Testing.TestAuto.ExecuteTest(TestAuto.java:117)
at java.base/java.util.ArrayList.forEach(ArrayList.java:1507)
at java.base/java.util.concurrent.FutureTask.run(FutureTask.java:264)
at java.base/java.util.concurrent.ThreadPoolExecutor.runWorker(ThreadPoolExecutor.java:1128)
at java.base/java.util.concurrent.ThreadPoolExecutor$Worker.run(ThreadPoolExecutor.java:628)
at java.base/java.lang.Thread.run(Thread.java:830)
... Removed 18 stack frames]]>
    </failure>
  </testcase> <!-- ExecuteTest -->
  <testcase classname="Testing.TestAuto" name="ExecuteTestssecond" time="0.0">
    <ignored/>
  </testcase> <!-- ExecuteTestssecond -->
</testsuite> <!-- AutomationExecution_Edge -->
