<?xml version="1.0" encoding="UTF-8"?>
<!-- Generated by org.testng.reporters.JUnitXMLReporter -->
<testsuite ignored="0" hostname="GNLNB-PG018YN0" failures="10" tests="10" name="Testing" time="1.137" errors="0" timestamp="2021-02-14T18:15:18 IST">
  <testcase classname="Testing.TestAuto" name="ExecuteTests" time="0.558">
    <failure type="java.lang.IllegalStateException" message="The path to the driver executable must be set by the webdriver.edge.driver system property; for more information, see https://github.com/SeleniumHQ/selenium/wiki/MicrosoftWebDriver. The latest version can be downloaded from http://go.microsoft.com/fwlink/?LinkId=619687">
      <![CDATA[java.lang.IllegalStateException: The path to the driver executable must be set by the webdriver.edge.driver system property; for more information, see https://github.com/SeleniumHQ/selenium/wiki/MicrosoftWebDriver. The latest version can be downloaded from http://go.microsoft.com/fwlink/?LinkId=619687
at com.google.common.base.Preconditions.checkState(Preconditions.java:847)
at org.openqa.selenium.remote.service.DriverService.findExecutable(DriverService.java:134)
at org.openqa.selenium.edge.EdgeDriverService.access$000(EdgeDriverService.java:37)
at org.openqa.selenium.edge.EdgeDriverService$Builder.findDefaultExecutable(EdgeDriverService.java:90)
at org.openqa.selenium.remote.service.DriverService$Builder.build(DriverService.java:355)
at org.openqa.selenium.edge.EdgeDriverService.createDefaultService(EdgeDriverService.java:70)
at org.openqa.selenium.edge.EdgeDriver.<init>(EdgeDriver.java:96)
at DBConnection.DBConnection.DBQuery.GoogleTest(DBQuery.java:67)
at Testing.TestAuto.ExecuteTests(TestAuto.java:75)
at java.base/java.util.ArrayList.forEach(ArrayList.java:1507)
... Removed 27 stack frames]]>
    </failure>
  </testcase> <!-- ExecuteTests -->
  <testcase classname="Testing.TestAuto" name="ExecuteTestseigth" time="0.078">
    <failure type="java.lang.IllegalStateException" message="The path to the driver executable must be set by the webdriver.edge.driver system property; for more information, see https://github.com/SeleniumHQ/selenium/wiki/MicrosoftWebDriver. The latest version can be downloaded from http://go.microsoft.com/fwlink/?LinkId=619687">
      <![CDATA[java.lang.IllegalStateException: The path to the driver executable must be set by the webdriver.edge.driver system property; for more information, see https://github.com/SeleniumHQ/selenium/wiki/MicrosoftWebDriver. The latest version can be downloaded from http://go.microsoft.com/fwlink/?LinkId=619687
at com.google.common.base.Preconditions.checkState(Preconditions.java:847)
at org.openqa.selenium.remote.service.DriverService.findExecutable(DriverService.java:134)
at org.openqa.selenium.edge.EdgeDriverService.access$000(EdgeDriverService.java:37)
at org.openqa.selenium.edge.EdgeDriverService$Builder.findDefaultExecutable(EdgeDriverService.java:90)
at org.openqa.selenium.remote.service.DriverService$Builder.build(DriverService.java:355)
at org.openqa.selenium.edge.EdgeDriverService.createDefaultService(EdgeDriverService.java:70)
at org.openqa.selenium.edge.EdgeDriver.<init>(EdgeDriver.java:96)
at DBConnection.DBConnection.DBQuery.GoogleTest(DBQuery.java:67)
at Testing.TestAuto.ExecuteTestseigth(TestAuto.java:187)
at java.base/java.util.ArrayList.forEach(ArrayList.java:1507)
... Removed 27 stack frames]]>
    </failure>
  </testcase> <!-- ExecuteTestseigth -->
  <testcase classname="Testing.TestAuto" name="ExecuteTestsfifth" time="0.055">
    <failure type="java.lang.IllegalStateException" message="The path to the driver executable must be set by the webdriver.edge.driver system property; for more information, see https://github.com/SeleniumHQ/selenium/wiki/MicrosoftWebDriver. The latest version can be downloaded from http://go.microsoft.com/fwlink/?LinkId=619687">
      <![CDATA[java.lang.IllegalStateException: The path to the driver executable must be set by the webdriver.edge.driver system property; for more information, see https://github.com/SeleniumHQ/selenium/wiki/MicrosoftWebDriver. The latest version can be downloaded from http://go.microsoft.com/fwlink/?LinkId=619687
at com.google.common.base.Preconditions.checkState(Preconditions.java:847)
at org.openqa.selenium.remote.service.DriverService.findExecutable(DriverService.java:134)
at org.openqa.selenium.edge.EdgeDriverService.access$000(EdgeDriverService.java:37)
at org.openqa.selenium.edge.EdgeDriverService$Builder.findDefaultExecutable(EdgeDriverService.java:90)
at org.openqa.selenium.remote.service.DriverService$Builder.build(DriverService.java:355)
at org.openqa.selenium.edge.EdgeDriverService.createDefaultService(EdgeDriverService.java:70)
at org.openqa.selenium.edge.EdgeDriver.<init>(EdgeDriver.java:96)
at DBConnection.DBConnection.DBQuery.GoogleTest(DBQuery.java:67)
at Testing.TestAuto.ExecuteTestsfifth(TestAuto.java:139)
at java.base/java.util.ArrayList.forEach(ArrayList.java:1507)
... Removed 27 stack frames]]>
    </failure>
  </testcase> <!-- ExecuteTestsfifth -->
  <testcase classname="Testing.TestAuto" name="ExecuteTestsfourth" time="0.057">
    <failure type="java.lang.IllegalStateException" message="The path to the driver executable must be set by the webdriver.edge.driver system property; for more information, see https://github.com/SeleniumHQ/selenium/wiki/MicrosoftWebDriver. The latest version can be downloaded from http://go.microsoft.com/fwlink/?LinkId=619687">
      <![CDATA[java.lang.IllegalStateException: The path to the driver executable must be set by the webdriver.edge.driver system property; for more information, see https://github.com/SeleniumHQ/selenium/wiki/MicrosoftWebDriver. The latest version can be downloaded from http://go.microsoft.com/fwlink/?LinkId=619687
at com.google.common.base.Preconditions.checkState(Preconditions.java:847)
at org.openqa.selenium.remote.service.DriverService.findExecutable(DriverService.java:134)
at org.openqa.selenium.edge.EdgeDriverService.access$000(EdgeDriverService.java:37)
at org.openqa.selenium.edge.EdgeDriverService$Builder.findDefaultExecutable(EdgeDriverService.java:90)
at org.openqa.selenium.remote.service.DriverService$Builder.build(DriverService.java:355)
at org.openqa.selenium.edge.EdgeDriverService.createDefaultService(EdgeDriverService.java:70)
at org.openqa.selenium.edge.EdgeDriver.<init>(EdgeDriver.java:96)
at DBConnection.DBConnection.DBQuery.GoogleTest(DBQuery.java:67)
at Testing.TestAuto.ExecuteTestsfourth(TestAuto.java:123)
at java.base/java.util.ArrayList.forEach(ArrayList.java:1507)
... Removed 27 stack frames]]>
    </failure>
  </testcase> <!-- ExecuteTestsfourth -->
  <testcase classname="Testing.TestAuto" name="ExecuteTestsnineth" time="0.05">
    <failure type="java.lang.IllegalStateException" message="The path to the driver executable must be set by the webdriver.edge.driver system property; for more information, see https://github.com/SeleniumHQ/selenium/wiki/MicrosoftWebDriver. The latest version can be downloaded from http://go.microsoft.com/fwlink/?LinkId=619687">
      <![CDATA[java.lang.IllegalStateException: The path to the driver executable must be set by the webdriver.edge.driver system property; for more information, see https://github.com/SeleniumHQ/selenium/wiki/MicrosoftWebDriver. The latest version can be downloaded from http://go.microsoft.com/fwlink/?LinkId=619687
at com.google.common.base.Preconditions.checkState(Preconditions.java:847)
at org.openqa.selenium.remote.service.DriverService.findExecutable(DriverService.java:134)
at org.openqa.selenium.edge.EdgeDriverService.access$000(EdgeDriverService.java:37)
at org.openqa.selenium.edge.EdgeDriverService$Builder.findDefaultExecutable(EdgeDriverService.java:90)
at org.openqa.selenium.remote.service.DriverService$Builder.build(DriverService.java:355)
at org.openqa.selenium.edge.EdgeDriverService.createDefaultService(EdgeDriverService.java:70)
at org.openqa.selenium.edge.EdgeDriver.<init>(EdgeDriver.java:96)
at DBConnection.DBConnection.DBQuery.GoogleTest(DBQuery.java:67)
at Testing.TestAuto.ExecuteTestsnineth(TestAuto.java:203)
at java.base/java.util.ArrayList.forEach(ArrayList.java:1507)
... Removed 27 stack frames]]>
    </failure>
  </testcase> <!-- ExecuteTestsnineth -->
  <testcase classname="Testing.TestAuto" name="ExecuteTestssecond" time="0.049">
    <failure type="java.lang.IllegalStateException" message="The path to the driver executable must be set by the webdriver.edge.driver system property; for more information, see https://github.com/SeleniumHQ/selenium/wiki/MicrosoftWebDriver. The latest version can be downloaded from http://go.microsoft.com/fwlink/?LinkId=619687">
      <![CDATA[java.lang.IllegalStateException: The path to the driver executable must be set by the webdriver.edge.driver system property; for more information, see https://github.com/SeleniumHQ/selenium/wiki/MicrosoftWebDriver. The latest version can be downloaded from http://go.microsoft.com/fwlink/?LinkId=619687
at com.google.common.base.Preconditions.checkState(Preconditions.java:847)
at org.openqa.selenium.remote.service.DriverService.findExecutable(DriverService.java:134)
at org.openqa.selenium.edge.EdgeDriverService.access$000(EdgeDriverService.java:37)
at org.openqa.selenium.edge.EdgeDriverService$Builder.findDefaultExecutable(EdgeDriverService.java:90)
at org.openqa.selenium.remote.service.DriverService$Builder.build(DriverService.java:355)
at org.openqa.selenium.edge.EdgeDriverService.createDefaultService(EdgeDriverService.java:70)
at org.openqa.selenium.edge.EdgeDriver.<init>(EdgeDriver.java:96)
at DBConnection.DBConnection.DBQuery.GoogleTest(DBQuery.java:67)
at Testing.TestAuto.ExecuteTestssecond(TestAuto.java:91)
at java.base/java.util.ArrayList.forEach(ArrayList.java:1507)
... Removed 27 stack frames]]>
    </failure>
  </testcase> <!-- ExecuteTestssecond -->
  <testcase classname="Testing.TestAuto" name="ExecuteTestsseventh" time="0.06">
    <failure type="java.lang.IllegalStateException" message="The path to the driver executable must be set by the webdriver.edge.driver system property; for more information, see https://github.com/SeleniumHQ/selenium/wiki/MicrosoftWebDriver. The latest version can be downloaded from http://go.microsoft.com/fwlink/?LinkId=619687">
      <![CDATA[java.lang.IllegalStateException: The path to the driver executable must be set by the webdriver.edge.driver system property; for more information, see https://github.com/SeleniumHQ/selenium/wiki/MicrosoftWebDriver. The latest version can be downloaded from http://go.microsoft.com/fwlink/?LinkId=619687
at com.google.common.base.Preconditions.checkState(Preconditions.java:847)
at org.openqa.selenium.remote.service.DriverService.findExecutable(DriverService.java:134)
at org.openqa.selenium.edge.EdgeDriverService.access$000(EdgeDriverService.java:37)
at org.openqa.selenium.edge.EdgeDriverService$Builder.findDefaultExecutable(EdgeDriverService.java:90)
at org.openqa.selenium.remote.service.DriverService$Builder.build(DriverService.java:355)
at org.openqa.selenium.edge.EdgeDriverService.createDefaultService(EdgeDriverService.java:70)
at org.openqa.selenium.edge.EdgeDriver.<init>(EdgeDriver.java:96)
at DBConnection.DBConnection.DBQuery.GoogleTest(DBQuery.java:67)
at Testing.TestAuto.ExecuteTestsseventh(TestAuto.java:171)
at java.base/java.util.ArrayList.forEach(ArrayList.java:1507)
... Removed 27 stack frames]]>
    </failure>
  </testcase> <!-- ExecuteTestsseventh -->
  <testcase classname="Testing.TestAuto" name="ExecuteTestssixth" time="0.067">
    <failure type="java.lang.IllegalStateException" message="The path to the driver executable must be set by the webdriver.edge.driver system property; for more information, see https://github.com/SeleniumHQ/selenium/wiki/MicrosoftWebDriver. The latest version can be downloaded from http://go.microsoft.com/fwlink/?LinkId=619687">
      <![CDATA[java.lang.IllegalStateException: The path to the driver executable must be set by the webdriver.edge.driver system property; for more information, see https://github.com/SeleniumHQ/selenium/wiki/MicrosoftWebDriver. The latest version can be downloaded from http://go.microsoft.com/fwlink/?LinkId=619687
at com.google.common.base.Preconditions.checkState(Preconditions.java:847)
at org.openqa.selenium.remote.service.DriverService.findExecutable(DriverService.java:134)
at org.openqa.selenium.edge.EdgeDriverService.access$000(EdgeDriverService.java:37)
at org.openqa.selenium.edge.EdgeDriverService$Builder.findDefaultExecutable(EdgeDriverService.java:90)
at org.openqa.selenium.remote.service.DriverService$Builder.build(DriverService.java:355)
at org.openqa.selenium.edge.EdgeDriverService.createDefaultService(EdgeDriverService.java:70)
at org.openqa.selenium.edge.EdgeDriver.<init>(EdgeDriver.java:96)
at DBConnection.DBConnection.DBQuery.GoogleTest(DBQuery.java:67)
at Testing.TestAuto.ExecuteTestssixth(TestAuto.java:155)
at java.base/java.util.ArrayList.forEach(ArrayList.java:1507)
... Removed 27 stack frames]]>
    </failure>
  </testcase> <!-- ExecuteTestssixth -->
  <testcase classname="Testing.TestAuto" name="ExecuteTeststenth" time="0.047">
    <failure type="java.lang.NullPointerException">
      <![CDATA[java.lang.NullPointerException
at DBConnection.DBConnection.DBQuery.GoogleTest(DBQuery.java:81)
at Testing.TestAuto.ExecuteTeststenth(TestAuto.java:219)
at java.base/java.util.ArrayList.forEach(ArrayList.java:1507)
... Removed 27 stack frames]]>
    </failure>
  </testcase> <!-- ExecuteTeststenth -->
  <testcase classname="Testing.TestAuto" name="ExecuteTeststhird" time="0.069">
    <failure type="java.lang.IllegalStateException" message="The path to the driver executable must be set by the webdriver.edge.driver system property; for more information, see https://github.com/SeleniumHQ/selenium/wiki/MicrosoftWebDriver. The latest version can be downloaded from http://go.microsoft.com/fwlink/?LinkId=619687">
      <![CDATA[java.lang.IllegalStateException: The path to the driver executable must be set by the webdriver.edge.driver system property; for more information, see https://github.com/SeleniumHQ/selenium/wiki/MicrosoftWebDriver. The latest version can be downloaded from http://go.microsoft.com/fwlink/?LinkId=619687
at com.google.common.base.Preconditions.checkState(Preconditions.java:847)
at org.openqa.selenium.remote.service.DriverService.findExecutable(DriverService.java:134)
at org.openqa.selenium.edge.EdgeDriverService.access$000(EdgeDriverService.java:37)
at org.openqa.selenium.edge.EdgeDriverService$Builder.findDefaultExecutable(EdgeDriverService.java:90)
at org.openqa.selenium.remote.service.DriverService$Builder.build(DriverService.java:355)
at org.openqa.selenium.edge.EdgeDriverService.createDefaultService(EdgeDriverService.java:70)
at org.openqa.selenium.edge.EdgeDriver.<init>(EdgeDriver.java:96)
at DBConnection.DBConnection.DBQuery.GoogleTest(DBQuery.java:67)
at Testing.TestAuto.ExecuteTeststhird(TestAuto.java:107)
at java.base/java.util.ArrayList.forEach(ArrayList.java:1507)
... Removed 27 stack frames]]>
    </failure>
  </testcase> <!-- ExecuteTeststhird -->
</testsuite> <!-- Testing -->
