<?xml version="1.0" encoding="UTF-8"?>
<testng-results ignored="0" total="1" passed="1" failed="0" skipped="0">
  <reporter-output>
  </reporter-output>
  <suite started-at="2021-02-12T18:12:17 IST" name="Suite" finished-at="2021-02-12T18:13:07 IST" duration-ms="50026">
    <groups>
    </groups>
    <test started-at="2021-02-12T18:12:17 IST" name="Testing" finished-at="2021-02-12T18:13:07 IST" duration-ms="50026">
      <class name="Testing.TestAuto">
        <test-method signature="ExecuteTests()[pri:0, instance:Testing.TestAuto@1e67a849]" started-at="2021-02-12T18:12:17 IST" name="ExecuteTests" finished-at="2021-02-12T18:13:07 IST" duration-ms="49989" status="PASS">
          <reporter-output>
          </reporter-output>
        </test-method> <!-- ExecuteTests -->
      </class> <!-- Testing.TestAuto -->
    </test> <!-- Testing -->
  </suite> <!-- Suite -->
</testng-results>
